<?xml version="1.0" encoding="UTF-8"?>
<!-- Generated by org.testng.reporters.JUnitReportReporter -->
<testsuite hostname="DESKTOP-0BCQTVB" failures="0" tests="1" name="com.cs.tests.CustomerTests" time="10.813" errors="0" timestamp="2024-01-13T13:06:04 IST" skipped="0">
  <testcase classname="com.cs.tests.CustomerTests" name="addCustomer" time="10.813"/>
</testsuite> <!-- com.cs.tests.CustomerTests -->
